Build started 2/5/2015 2:35:38 PM.
     1>Project "C:\Users\simia\Documents\projects\c++\CANS\BSB_tortoise\BattleshipBot.vcxproj" on node 2 (Build target(s)).
     1>ClCompile:
         C:\Program Files (x86)\Microsoft Visual Studio 11.0\VC\bin\CL.exe /c /ZI /nologo /W3 /WX- /sdl /Od /Oy- /D WIN32 /D _DEBUG /D _CONSOLE /D _UNICODE /D UNICODE /Gm /EHsc /RTC1 /MDd /GS /fp:precise /Zc:wchar_t /Zc:forScope /Yu"stdafx.h" /Fp"Debug\BattleshipBot.pch" /Fo"Debug\\" /Fd"Debug\vc110.pdb" /Gd /TP /analyze- /errorReport:prompt Onthology.cpp
         Onthology.cpp
       ResourceCompile:
         C:\Program Files (x86)\Windows Kits\8.0\bin\x86\rc.exe /D _UNICODE /D UNICODE /l"0x0409" /nologo /fo"Debug\BattleshipBot.res" BattleshipBot.rc 
       Link:
         C:\Program Files (x86)\Microsoft Visual Studio 11.0\VC\bin\link.exe /ERRORREPORT:PROMPT /OUT:"C:\Users\simia\Documents\projects\c++\CANS\BSB_tortoise\Debug\BattleshipBot.exe" /INCREMENTAL /NOLOGO kernel32.lib user32.lib gdi32.lib winspool.lib comdlg32.lib advapi32.lib shell32.lib ole32.lib oleaut32.lib uuid.lib odbc32.lib odbccp32.lib /MANIFEST /MANIFESTUAC:"level='asInvoker' uiAccess='false'" /manifest:embed /DEBUG /PDB:"C:\Users\simia\Documents\projects\c++\CANS\BSB_tortoise\Debug\BattleshipBot.pdb" /SUBSYSTEM:CONSOLE /TLBID:1 /DYNAMICBASE /NXCOMPAT /IMPLIB:"C:\Users\simia\Documents\projects\c++\CANS\BSB_tortoise\Debug\BattleshipBot.lib" /MACHINE:X86 Debug\BattleshipBot.res
         Debug\Actions.obj
         Debug\BattleshipBot.obj
         Debug\Global.obj
         Debug\Movement.obj
         Debug\Onthology.obj
         Debug\ServerCom.obj
         Debug\Sort.obj
         Debug\stdafx.obj
         Debug\Tactics.obj
         BattleshipBot.vcxproj -> C:\Users\simia\Documents\projects\c++\CANS\BSB_tortoise\Debug\BattleshipBot.exe
     1>Done Building Project "C:\Users\simia\Documents\projects\c++\CANS\BSB_tortoise\BattleshipBot.vcxproj" (Build target(s)).

Build succeeded.

Time Elapsed 00:00:02.08
